# JRE version: Java(TM) SE Runtime Environment (16.0.1+9) (build 16.0.1+9-24)
# Java VM: Java HotSpot(TM) 64-Bit Server VM (16.0.1+9-24, mixed mode, sharing, tiered, compressed oops, compressed class ptrs, parallel gc, windows-amd64)
GC Precious Log:
 CPUs: 6 total, 6 available
 Memory: 16296M
 Large Page Support: Disabled
 NUMA Support: Disabled
 Compressed Oops: Enabled (32-bit)
 Alignments: Space 512K, Generation 512K, Heap 2M
 Heap Min Capacity: 100M
 Heap Initial Capacity: 100M
 Heap Max Capacity: 1G
 Pre-touch: Disabled
 Parallel Workers: 6
Heap:
 PSYoungGen      total 7168K, used 2500K [0x00000000eab00000, 0x00000000eb580000, 0x0000000100000000)
  eden space 5120K, 45% used [0x00000000eab00000,0x00000000ead41038,0x00000000eb000000)
  from space 2048K, 9% used [0x00000000eb180000,0x00000000eb1b0000,0x00000000eb380000)
  to   space 512K, 0% used [0x00000000eb500000,0x00000000eb500000,0x00000000eb580000)
 ParOldGen       total 131584K, used 91955K [0x00000000c0000000, 0x00000000c8080000, 0x00000000eab00000)
  object space 131584K, 69% used [0x00000000c0000000,0x00000000c59ccc78,0x00000000c8080000)
 Metaspace       used 73947K, committed 74752K, reserved 1122304K
  class space    used 7342K, committed 7680K, reserved 1048576K
GC Heap History (20 events):
Event: 118839.242 GC heap before
{Heap before GC invocations=1650 (full 47):
 PSYoungGen      total 9728K, used 9680K [0x00000000eab00000, 0x00000000eba00000, 0x0000000100000000)
  eden space 5120K, 99% used [0x00000000eab00000,0x00000000eaffffe0,0x00000000eb000000)
  from space 4608K, 98% used [0x00000000eb000000,0x00000000eb474050,0x00000000eb480000)
  to   space 5120K, 0% used [0x00000000eb500000,0x00000000eb500000,0x00000000eba00000)
 ParOldGen       total 136704K, used 130722K [0x00000000c0000000, 0x00000000c8580000, 0x00000000eab00000)
  object space 136704K, 95% used [0x00000000c0000000,0x00000000c7fa8bc8,0x00000000c8580000)
 Metaspace       used 73932K, committed 74816K, reserved 1122304K
  class space    used 7342K, committed 7744K, reserved 1048576K
}
Event: 118839.245 GC heap after
{Heap after GC invocations=1650 (full 47):
 PSYoungGen      total 10240K, used 4768K [0x00000000eab00000, 0x00000000eba00000, 0x0000000100000000)
  eden space 5120K, 0% used [0x00000000eab00000,0x00000000eab00000,0x00000000eb000000)
  from space 5120K, 93% used [0x00000000eb500000,0x00000000eb9a8040,0x00000000eba00000)
  to   space 5120K, 0% used [0x00000000eb000000,0x00000000eb000000,0x00000000eb500000)
 ParOldGen       total 136704K, used 130722K [0x00000000c0000000, 0x00000000c8580000, 0x00000000eab00000)
  object space 136704K, 95% used [0x00000000c0000000,0x00000000c7fa8bc8,0x00000000c8580000)
 Metaspace       used 73932K, committed 74816K, reserved 1122304K
  class space    used 7342K, committed 7744K, reserved 1048576K
}
Event: 118839.297 GC heap before
{Heap before GC invocations=1651 (full 47):
 PSYoungGen      total 10240K, used 9888K [0x00000000eab00000, 0x00000000eba00000, 0x0000000100000000)
  eden space 5120K, 100% used [0x00000000eab00000,0x00000000eb000000,0x00000000eb000000)
  from space 5120K, 93% used [0x00000000eb500000,0x00000000eb9a8040,0x00000000eba00000)
  to   space 5120K, 0% used [0x00000000eb000000,0x00000000eb000000,0x00000000eb500000)
 ParOldGen       total 136704K, used 130722K [0x00000000c0000000, 0x00000000c8580000, 0x00000000eab00000)
  object space 136704K, 95% used [0x00000000c0000000,0x00000000c7fa8bc8,0x00000000c8580000)
 Metaspace       used 73937K, committed 74816K, reserved 1122304K
  class space    used 7342K, committed 7744K, reserved 1048576K
}
Event: 118839.301 GC heap after
{Heap after GC invocations=1651 (full 47):
 PSYoungGen      total 10240K, used 5088K [0x00000000eab00000, 0x00000000ebc00000, 0x0000000100000000)
  eden space 5120K, 0% used [0x00000000eab00000,0x00000000eab00000,0x00000000eb000000)
  from space 5120K, 99% used [0x00000000eb000000,0x00000000eb4f8060,0x00000000eb500000)
  to   space 6144K, 0% used [0x00000000eb600000,0x00000000eb600000,0x00000000ebc00000)
 ParOldGen       total 136704K, used 131392K [0x00000000c0000000, 0x00000000c8580000, 0x00000000eab00000)
  object space 136704K, 96% used [0x00000000c0000000,0x00000000c8050088,0x00000000c8580000)
 Metaspace       used 73937K, committed 74816K, reserved 1122304K
  class space    used 7342K, committed 7744K, reserved 1048576K
}
Event: 118840.512 GC heap before
{Heap before GC invocations=1652 (full 47):
 PSYoungGen      total 10240K, used 10208K [0x00000000eab00000, 0x00000000ebc00000, 0x0000000100000000)
  eden space 5120K, 100% used [0x00000000eab00000,0x00000000eb000000,0x00000000eb000000)
  from space 5120K, 99% used [0x00000000eb000000,0x00000000eb4f8060,0x00000000eb500000)
  to   space 6144K, 0% used [0x00000000eb600000,0x00000000eb600000,0x00000000ebc00000)
 ParOldGen       total 136704K, used 131392K [0x00000000c0000000, 0x00000000c8580000, 0x00000000eab00000)
  object space 136704K, 96% used [0x00000000c0000000,0x00000000c8050088,0x00000000c8580000)
 Metaspace       used 73940K, committed 74816K, reserved 1122304K
  class space    used 7342K, committed 7744K, reserved 1048576K
}
Event: 118840.514 GC heap after
{Heap after GC invocations=1652 (full 47):
 PSYoungGen      total 10752K, used 5184K [0x00000000eab00000, 0x00000000ebb80000, 0x0000000100000000)
  eden space 5120K, 0% used [0x00000000eab00000,0x00000000eab00000,0x00000000eb000000)
  from space 5632K, 92% used [0x00000000eb600000,0x00000000ebb10060,0x00000000ebb80000)
  to   space 5632K, 0% used [0x00000000eb080000,0x00000000eb080000,0x00000000eb600000)
 ParOldGen       total 136704K, used 131424K [0x00000000c0000000, 0x00000000c8580000, 0x00000000eab00000)
  object space 136704K, 96% used [0x00000000c0000000,0x00000000c8058088,0x00000000c8580000)
 Metaspace       used 73940K, committed 74816K, reserved 1122304K
  class space    used 7342K, committed 7744K, reserved 1048576K
}
Event: 118840.875 GC heap before
{Heap before GC invocations=1653 (full 47):
 PSYoungGen      total 10752K, used 10304K [0x00000000eab00000, 0x00000000ebb80000, 0x0000000100000000)
  eden space 5120K, 100% used [0x00000000eab00000,0x00000000eb000000,0x00000000eb000000)
  from space 5632K, 92% used [0x00000000eb600000,0x00000000ebb10060,0x00000000ebb80000)
  to   space 5632K, 0% used [0x00000000eb080000,0x00000000eb080000,0x00000000eb600000)
 ParOldGen       total 136704K, used 131424K [0x00000000c0000000, 0x00000000c8580000, 0x00000000eab00000)
  object space 136704K, 96% used [0x00000000c0000000,0x00000000c8058088,0x00000000c8580000)
 Metaspace       used 73943K, committed 74816K, reserved 1122304K
  class space    used 7342K, committed 7744K, reserved 1048576K
}
Event: 118840.878 GC heap after
{Heap after GC invocations=1653 (full 47):
 PSYoungGen      total 10752K, used 5616K [0x00000000eab00000, 0x00000000ebc00000, 0x0000000100000000)
  eden space 5120K, 0% used [0x00000000eab00000,0x00000000eab00000,0x00000000eb000000)
  from space 5632K, 99% used [0x00000000eb080000,0x00000000eb5fc080,0x00000000eb600000)
  to   space 6144K, 0% used [0x00000000eb600000,0x00000000eb600000,0x00000000ebc00000)
 ParOldGen       total 136704K, used 131552K [0x00000000c0000000, 0x00000000c8580000, 0x00000000eab00000)
  object space 136704K, 96% used [0x00000000c0000000,0x00000000c80780f8,0x00000000c8580000)
 Metaspace       used 73943K, committed 74816K, reserved 1122304K
  class space    used 7342K, committed 7744K, reserved 1048576K
}
Event: 118840.896 GC heap before
{Heap before GC invocations=1654 (full 47):
 PSYoungGen      total 10752K, used 10736K [0x00000000eab00000, 0x00000000ebc00000, 0x0000000100000000)
  eden space 5120K, 100% used [0x00000000eab00000,0x00000000eb000000,0x00000000eb000000)
  from space 5632K, 99% used [0x00000000eb080000,0x00000000eb5fc080,0x00000000eb600000)
  to   space 6144K, 0% used [0x00000000eb600000,0x00000000eb600000,0x00000000ebc00000)
 ParOldGen       total 136704K, used 131552K [0x00000000c0000000, 0x00000000c8580000, 0x00000000eab00000)
  object space 136704K, 96% used [0x00000000c0000000,0x00000000c80780f8,0x00000000c8580000)
 Metaspace       used 73943K, committed 74816K, reserved 1122304K
  class space    used 7342K, committed 7744K, reserved 1048576K
}
Event: 118840.898 GC heap after
{Heap after GC invocations=1654 (full 47):
 PSYoungGen      total 10240K, used 5024K [0x00000000eab00000, 0x00000000ebb00000, 0x0000000100000000)
  eden space 5120K, 0% used [0x00000000eab00000,0x00000000eab00000,0x00000000eb000000)
  from space 5120K, 98% used [0x00000000eb600000,0x00000000ebae8040,0x00000000ebb00000)
  to   space 5632K, 0% used [0x00000000eb000000,0x00000000eb000000,0x00000000eb580000)
 ParOldGen       total 136704K, used 132646K [0x00000000c0000000, 0x00000000c8580000, 0x00000000eab00000)
  object space 136704K, 97% used [0x00000000c0000000,0x00000000c8189b00,0x00000000c8580000)
 Metaspace       used 73943K, committed 74816K, reserved 1122304K
  class space    used 7342K, committed 7744K, reserved 1048576K
}
Event: 118840.920 GC heap before
{Heap before GC invocations=1655 (full 47):
 PSYoungGen      total 10240K, used 10144K [0x00000000eab00000, 0x00000000ebb00000, 0x0000000100000000)
  eden space 5120K, 100% used [0x00000000eab00000,0x00000000eb000000,0x00000000eb000000)
  from space 5120K, 98% used [0x00000000eb600000,0x00000000ebae8040,0x00000000ebb00000)
  to   space 5632K, 0% used [0x00000000eb000000,0x00000000eb000000,0x00000000eb580000)
 ParOldGen       total 136704K, used 132646K [0x00000000c0000000, 0x00000000c8580000, 0x00000000eab00000)
  object space 136704K, 97% used [0x00000000c0000000,0x00000000c8189b00,0x00000000c8580000)
 Metaspace       used 73946K, committed 74816K, reserved 1122304K
  class space    used 7342K, committed 7744K, reserved 1048576K
}
Event: 118840.923 GC heap after
{Heap after GC invocations=1655 (full 47):
 PSYoungGen      total 10752K, used 5616K [0x00000000eab00000, 0x00000000ebd00000, 0x0000000100000000)
  eden space 5120K, 0% used [0x00000000eab00000,0x00000000eab00000,0x00000000eb000000)
  from space 5632K, 99% used [0x00000000eb000000,0x00000000eb57c050,0x00000000eb580000)
  to   space 6656K, 0% used [0x00000000eb680000,0x00000000eb680000,0x00000000ebd00000)
 ParOldGen       total 136704K, used 133046K [0x00000000c0000000, 0x00000000c8580000, 0x00000000eab00000)
  object space 136704K, 97% used [0x00000000c0000000,0x00000000c81edb00,0x00000000c8580000)
 Metaspace       used 73946K, committed 74816K, reserved 1122304K
  class space    used 7342K, committed 7744K, reserved 1048576K
}
Event: 118845.380 GC heap before
{Heap before GC invocations=1656 (full 47):
 PSYoungGen      total 10752K, used 10720K [0x00000000eab00000, 0x00000000ebd00000, 0x0000000100000000)
  eden space 5120K, 99% used [0x00000000eab00000,0x00000000eaffc258,0x00000000eb000000)
  from space 5632K, 99% used [0x00000000eb000000,0x00000000eb57c050,0x00000000eb580000)
  to   space 6656K, 0% used [0x00000000eb680000,0x00000000eb680000,0x00000000ebd00000)
 ParOldGen       total 136704K, used 133046K [0x00000000c0000000, 0x00000000c8580000, 0x00000000eab00000)
  object space 136704K, 97% used [0x00000000c0000000,0x00000000c81edb00,0x00000000c8580000)
 Metaspace       used 73958K, committed 74816K, reserved 1122304K
  class space    used 7344K, committed 7744K, reserved 1048576K
}
Event: 118845.384 GC heap after
{Heap after GC invocations=1656 (full 47):
 PSYoungGen      total 9216K, used 3856K [0x00000000eab00000, 0x00000000eba80000, 0x0000000100000000)
  eden space 5120K, 0% used [0x00000000eab00000,0x00000000eab00000,0x00000000eb000000)
  from space 4096K, 94% used [0x00000000eb680000,0x00000000eba44020,0x00000000eba80000)
  to   space 5120K, 0% used [0x00000000eb080000,0x00000000eb080000,0x00000000eb580000)
 ParOldGen       total 136704K, used 134840K [0x00000000c0000000, 0x00000000c8580000, 0x00000000eab00000)
  object space 136704K, 98% used [0x00000000c0000000,0x00000000c83ae220,0x00000000c8580000)
 Metaspace       used 73958K, committed 74816K, reserved 1122304K
  class space    used 7344K, committed 7744K, reserved 1048576K
}
Event: 118845.384 GC heap before
{Heap before GC invocations=1657 (full 48):
 PSYoungGen      total 9216K, used 3856K [0x00000000eab00000, 0x00000000eba80000, 0x0000000100000000)
  eden space 5120K, 0% used [0x00000000eab00000,0x00000000eab00000,0x00000000eb000000)
  from space 4096K, 94% used [0x00000000eb680000,0x00000000eba44020,0x00000000eba80000)
  to   space 5120K, 0% used [0x00000000eb080000,0x00000000eb080000,0x00000000eb580000)
 ParOldGen       total 136704K, used 134840K [0x00000000c0000000, 0x00000000c8580000, 0x00000000eab00000)
  object space 136704K, 98% used [0x00000000c0000000,0x00000000c83ae220,0x00000000c8580000)
 Metaspace       used 73958K, committed 74816K, reserved 1122304K
  class space    used 7344K, committed 7744K, reserved 1048576K
}
Event: 118845.691 GC heap after
{Heap after GC invocations=1657 (full 48):
 PSYoungGen      total 5632K, used 0K [0x00000000eab00000, 0x00000000eba00000, 0x0000000100000000)
  eden space 5120K, 0% used [0x00000000eab00000,0x00000000eab00000,0x00000000eb000000)
  from space 512K, 0% used [0x00000000eb080000,0x00000000eb080000,0x00000000eb100000)
  to   space 5120K, 0% used [0x00000000eb500000,0x00000000eb500000,0x00000000eba00000)
 ParOldGen       total 131584K, used 91955K [0x00000000c0000000, 0x00000000c8080000, 0x00000000eab00000)
  object space 131584K, 69% used [0x00000000c0000000,0x00000000c59ccc78,0x00000000c8080000)
 Metaspace       used 73945K, committed 74752K, reserved 1122304K
  class space    used 7342K, committed 7680K, reserved 1048576K
}
Event: 118853.063 GC heap before
{Heap before GC invocations=1658 (full 48):
 PSYoungGen      total 5632K, used 5120K [0x00000000eab00000, 0x00000000eba00000, 0x0000000100000000)
  eden space 5120K, 100% used [0x00000000eab00000,0x00000000eb000000,0x00000000eb000000)
  from space 512K, 0% used [0x00000000eb080000,0x00000000eb080000,0x00000000eb100000)
  to   space 5120K, 0% used [0x00000000eb500000,0x00000000eb500000,0x00000000eba00000)
 ParOldGen       total 131584K, used 91955K [0x00000000c0000000, 0x00000000c8080000, 0x00000000eab00000)
  object space 131584K, 69% used [0x00000000c0000000,0x00000000c59ccc78,0x00000000c8080000)
 Metaspace       used 73945K, committed 74752K, reserved 1122304K
  class space    used 7342K, committed 7680K, reserved 1048576K
}
Event: 118853.064 GC heap after
{Heap after GC invocations=1658 (full 48):
 PSYoungGen      total 5632K, used 96K [0x00000000eab00000, 0x00000000eb580000, 0x0000000100000000)
  eden space 5120K, 0% used [0x00000000eab00000,0x00000000eab00000,0x00000000eb000000)
  from space 512K, 18% used [0x00000000eb500000,0x00000000eb518000,0x00000000eb580000)
  to   space 2048K, 0% used [0x00000000eb180000,0x00000000eb180000,0x00000000eb380000)
 ParOldGen       total 131584K, used 91955K [0x00000000c0000000, 0x00000000c8080000, 0x00000000eab00000)
  object space 131584K, 69% used [0x00000000c0000000,0x00000000c59ccc78,0x00000000c8080000)
 Metaspace       used 73945K, committed 74752K, reserved 1122304K
  class space    used 7342K, committed 7680K, reserved 1048576K
}
Event: 118937.946 GC heap before
{Heap before GC invocations=1659 (full 48):
 PSYoungGen      total 5632K, used 5215K [0x00000000eab00000, 0x00000000eb580000, 0x0000000100000000)
  eden space 5120K, 99% used [0x00000000eab00000,0x00000000eafffe88,0x00000000eb000000)
  from space 512K, 18% used [0x00000000eb500000,0x00000000eb518000,0x00000000eb580000)
  to   space 2048K, 0% used [0x00000000eb180000,0x00000000eb180000,0x00000000eb380000)
 ParOldGen       total 131584K, used 91955K [0x00000000c0000000, 0x00000000c8080000, 0x00000000eab00000)
  object space 131584K, 69% used [0x00000000c0000000,0x00000000c59ccc78,0x00000000c8080000)
 Metaspace       used 73945K, committed 74752K, reserved 1122304K
  class space    used 7342K, committed 7680K, reserved 1048576K
}
Event: 118937.947 GC heap after
{Heap after GC invocations=1659 (full 48):
 PSYoungGen      total 7168K, used 192K [0x00000000eab00000, 0x00000000eb580000, 0x0000000100000000)
  eden space 5120K, 0% used [0x00000000eab00000,0x00000000eab00000,0x00000000eb000000)
  from space 2048K, 9% used [0x00000000eb180000,0x00000000eb1b0000,0x00000000eb380000)
  to   space 512K, 0% used [0x00000000eb500000,0x00000000eb500000,0x00000000eb580000)
 ParOldGen       total 131584K, used 91955K [0x00000000c0000000, 0x00000000c8080000, 0x00000000eab00000)
  object space 131584K, 69% used [0x00000000c0000000,0x00000000c59ccc78,0x00000000c8080000)
 Metaspace       used 73945K, committed 74752K, reserved 1122304K
  class space    used 7342K, committed 7680K, reserved 1048576K
}

